<?xml version="1.0" encoding="UTF-8"?>
<!-- Generated by org.testng.reporters.JUnitReportReporter -->
<testsuite hostname="LAPTOP-DOBLN3AU" failures="0" tests="2" name="mypackage.TestCase2" time="9.333" errors="0" timestamp="22 Mar 2022 11:01:40 GMT" skipped="0">
  <testcase classname="mypackage.TestCase2" name="testmethod1" time="2.637"/>
  <testcase classname="mypackage.TestCase2" name="testmethod2" time="6.696"/>
</testsuite> <!-- mypackage.TestCase2 -->
