<?xml version="1.0" encoding="UTF-8"?>
<!-- Generated by org.testng.reporters.JUnitReportReporter -->
<testsuite hostname="LAPTOP-DOBLN3AU" failures="0" tests="1" name="mypackage.TestCase1" time="3.403" errors="0" timestamp="22 Mar 2022 11:01:40 GMT" skipped="0">
  <testcase classname="mypackage.TestCase1" name="method1" time="3.403"/>
</testsuite> <!-- mypackage.TestCase1 -->
