<?xml version="1.0" encoding="UTF-8"?>
<!-- Generated by org.testng.reporters.JUnitReportReporter -->
<testsuite hostname="LAPTOP-DOBLN3AU" failures="0" tests="1" name="mypackage.TestCase1" time="3.581" errors="0" timestamp="22 Mar 2022 11:06:43 GMT" skipped="0">
  <testcase classname="mypackage.TestCase1" name="method1" time="3.581"/>
</testsuite> <!-- mypackage.TestCase1 -->
