<?xml version="1.0" encoding="UTF-8"?>
<!-- Generated by org.testng.reporters.JUnitReportReporter -->
<testsuite hostname="LAPTOP-DOBLN3AU" failures="0" tests="2" name="mypackage.TestCase2" time="9.562" errors="0" timestamp="22 Mar 2022 11:06:43 GMT" skipped="0">
  <testcase classname="mypackage.TestCase2" name="testmethod1" time="2.694"/>
  <testcase classname="mypackage.TestCase2" name="testmethod2" time="6.868"/>
</testsuite> <!-- mypackage.TestCase2 -->
